<?xml version="1.0" encoding="UTF-8"?>
<!-- Generated by org.testng.reporters.JUnitReportReporter -->
<testsuite hostname="Vivaan" failures="0" tests="6" name="TestSuite1.module1" time="0.026" errors="0" timestamp="2023-03-30T04:40:12 CDT" skipped="0">
  <testcase classname="TestSuite1.module1" name="testcase002" time="0.002"/>
  <system-out/>
  <testcase classname="TestSuite1.module1" name="testcase001" time="0.003"/>
  <system-out/>
  <testcase classname="TestSuite1.module1" name="login" time="0.013"/>
  <system-out/>
  <testcase classname="TestSuite1.module1" name="login" time="0.003"/>
  <system-out/>
  <testcase classname="TestSuite1.module1" name="test" time="0.002"/>
  <system-out/>
  <testcase classname="TestSuite1.module1" name="testcase003" time="0.003"/>
  <system-out/>
</testsuite> <!-- TestSuite1.module1 -->
