<?xml version="1.0" encoding="UTF-8"?>
<!-- Generated by org.testng.reporters.JUnitReportReporter -->
<testsuite hostname="Vivaan" failures="0" tests="1" name="TestSuite1.module2" time="0.007" errors="0" timestamp="2022-12-16T18:05:47 CST" skipped="0">
  <testcase classname="TestSuite1.module2" name="testcase003" time="0.007"/>
  <system-out/>
</testsuite> <!-- TestSuite1.module2 -->
